301        7l       20w      239c http://office.paper/wp-content
301        1l        0w        0c http://office.paper/index.php
301        7l       20w      246c http://office.paper/wp-content/themes
301        7l       20w      247c http://office.paper/wp-content/uploads
200        0l        0w        0c http://office.paper/wp-content/index.php
200        0l        0w        0c http://office.paper/wp-content/themes/index.php
200       74l      225w        0c http://office.paper/wp-login.php
301        7l       20w      235c http://office.paper/manual
301        7l       20w      240c http://office.paper/wp-includes
301        7l       20w      247c http://office.paper/wp-content/plugins
301        7l       20w      242c http://office.paper/manual/images
301        7l       20w      239c http://office.paper/manual/faq
301        7l       20w      244c http://office.paper/manual/programs
200        0l        0w        0c http://office.paper/wp-includes/version.php
301        7l       20w      247c http://office.paper/wp-includes/images
301        7l       20w      240c http://office.paper/manual/misc
301        7l       20w      241c http://office.paper/manual/howto
301        7l       20w      247c http://office.paper/wp-content/upgrade
301        7l       20w      244c http://office.paper/wp-includes/css
301        7l       20w      245c http://office.paper/manual/developer
301        7l       20w      253c http://office.paper/wp-includes/images/media
301        7l       20w      243c http://office.paper/wp-includes/js
500        0l        0w        0c http://office.paper/wp-includes/update.php
301        7l       20w      247c http://office.paper/wp-includes/blocks
200        0l        0w        0c http://office.paper/wp-includes/blocks.php
301        7l       20w      255c http://office.paper/wp-includes/images/smilies
200        0l        0w    51884c http://office.paper/manual/caching.html
301        7l       20w      242c http://office.paper/manual/vhosts
500        0l        0w        0c http://office.paper/wp-includes/blocks/tag-cloud.php
200        0l        0w        0c http://office.paper/wp-includes/feed.php
301        7l       20w      249c http://office.paper/wp-includes/css/dist
200       50l      258w     3686c http://office.paper/manual/faq/index.html
200       94l      412w     5166c http://office.paper/manual/misc/index.html
200      501l     2695w    27634c http://office.paper/manual/install.html
301        7l       20w      250c http://office.paper/wp-includes/js/jquery
500        0l        0w        0c http://office.paper/wp-settings.php
500        0l        0w        0c http://office.paper/wp-includes/rss.php
200        0l        0w        0c http://office.paper/wp-includes/theme.php
200        0l        0w        0c http://office.paper/wp-includes/user.php
500        0l        0w        0c http://office.paper/wp-includes/blocks/rss.php
500        0l        0w        0c http://office.paper/wp-includes/blocks/search.php
200        4l      190w    10231c http://office.paper/wp-includes/js/swfobject.js
301        7l       20w      253c http://office.paper/wp-includes/js/jquery/ui
200      348l     1994w    18843c http://office.paper/manual/vhosts/details.html
200      566l     2328w    24943c http://office.paper/manual/vhosts/examples.html
200      126l      624w     8008c http://office.paper/manual/vhosts/index.html
301        7l       20w      260c http://office.paper/wp-includes/css/dist/components
301        7l       20w      256c http://office.paper/wp-includes/css/dist/editor
