200        1l        1w      338c http://haystack.htb:9200/quotes
200        1l        1w     1010c http://haystack.htb:9200/bank
200        1l        1w        2c http://haystack.htb:9200/*checkout*
200        1l        1w     4136c http://haystack.htb:9200/*
200        1l        1w        2c http://haystack.htb:9200/*docroot*
200        1l        1w        2c http://haystack.htb:9200/**http%3a
200        1l        1w        2c http://haystack.htb:9200/*http%3A
200        1l        1w        2c http://haystack.htb:9200/**http%3A
200        1l        1w        2c http://haystack.htb:9200/**http%3A%2F%2Fwww
200        1l        1w        2c http://haystack.htb:9200/devinmoore*
200        1l        1w        2c http://haystack.htb:9200/*sa_
200        1l        1w        2c http://haystack.htb:9200/*dc_
200        1l        1w        2c http://haystack.htb:9200/200109*
200        1l        1w        2c http://haystack.htb:9200/IGo%202006%20with%20Romania%20Map%20*Cracked*
200        1l        1w        2c http://haystack.htb:9200/V13a****gazeta_ru
200        1l        1w        2c http://haystack.htb:9200/V13a****pravda_ru
200        1l        1w    40327c http://haystack.htb:9200/_template
200        1l        1w        2c http://haystack.htb:9200/eskimo*macrame
200        1l        1w        2c http://haystack.htb:9200/jaimevives*
200        1l        1w        2c http://haystack.htb:9200/2001*sa_
200        1l        1w        2c http://haystack.htb:9200/ultra_secure*
200        1l        1w        2c http://haystack.htb:9200/V11***talsa_fi
200        1l        1w        2c http://haystack.htb:9200/HamOffice%20%2AGERMAN%2A%20v3
200        1l        1w        2c http://haystack.htb:9200/Back%20Alarm%20Clock%20%2ADOT%20NET%2A%20v2
200        1l        1w        2c http://haystack.htb:9200/174*93
200        1l        1w        2c http://haystack.htb:9200/66*35
200        1l        1w        2c http://haystack.htb:9200/96*163
200        1l        1w        2c http://haystack.htb:9200/66*36
200        1l        1w        2c http://haystack.htb:9200/96*170
200        1l        1w        2c http://haystack.htb:9200/117*169
200        1l        1w        2c http://haystack.htb:9200/117*64
200        1l        1w        2c http://haystack.htb:9200/300*164
200        1l        1w        2c http://haystack.htb:9200/133*73
200        1l        1w        2c http://haystack.htb:9200/36*36
200        1l        1w        2c http://haystack.htb:9200/152*84
200        1l        1w        2c http://haystack.htb:9200/67*36
200        1l        1w        2c http://haystack.htb:9200/srch-*wuauclt
200        1l        1w        2c http://haystack.htb:9200/srch-*WindowsAudio
200        1l        1w        2c http://haystack.htb:9200/srch-w****
200        1l        1w        2c http://haystack.htb:9200/srch-*winstats
200        1l        1w        2c http://haystack.htb:9200/srch-*WinLogon
200        1l        1w        2c http://haystack.htb:9200/srch-*****
200        1l        1w        2c http://haystack.htb:9200/srch-*MS%20Setup
200        1l        1w        2c http://haystack.htb:9200/srch-*windows%20update
200        1l        1w        2c http://haystack.htb:9200/srch-*StateMgr
200        1l        1w        2c http://haystack.htb:9200/srch-*JanisRuckenbrodII
200        1l        1w        2c http://haystack.htb:9200/srch-*Microsoft%20Update
200        1l        1w        2c http://haystack.htb:9200/srch-*Security%20Center
200        1l        1w        2c http://haystack.htb:9200/srch-stubinstaller****
200        1l        1w        2c http://haystack.htb:9200/*JanisRuckenbrodII-39
200        1l        1w        2c http://haystack.htb:9200/*MicrosoftUpdate-40
200        1l        1w        2c http://haystack.htb:9200/*MicrosoftUpdate-41
200        1l        1w        2c http://haystack.htb:9200/*windowsupdate-52
200        1l        1w        2c http://haystack.htb:9200/*windowsupdate-51
200        1l        1w        2c http://haystack.htb:9200/*windowsupdate-53
200        1l        1w        2c http://haystack.htb:9200/*MicrosoftUpdate-42
200        1l        1w        2c http://haystack.htb:9200/*SecurityCenter-46
200        1l        1w        2c http://haystack.htb:9200/*MicrosoftUpdate-43
200        1l        1w        2c http://haystack.htb:9200/*windowsupdate-54
200        1l        1w        2c http://haystack.htb:9200/*MicrosoftUpdate-44
200        1l        1w        2c http://haystack.htb:9200/*windowsupdate-48
200        1l        1w        2c http://haystack.htb:9200/*MSSetup-45
200        1l        1w        2c http://haystack.htb:9200/*windowsupdate-50
200        1l        1w        2c http://haystack.htb:9200/*windowsupdate-49
200        1l        1w        2c http://haystack.htb:9200/*StateMgr-47
200        1l        1w        2c http://haystack.htb:9200/*windowsupdate-56
200        1l        1w        2c http://haystack.htb:9200/*windowsupdate-55
200        1l        1w        2c http://haystack.htb:9200/*WindowsAudio-58
200        1l        1w        2c http://haystack.htb:9200/w****
200        1l        1w        2c http://haystack.htb:9200/*WinLogon-59
200        1l        1w        2c http://haystack.htb:9200/*winstats-60
200        1l        1w        2c http://haystack.htb:9200/*WindowsfilenameChecker-57
200        1l        1w        2c http://haystack.htb:9200/*wuauclt
200        1l        1w        2c http://haystack.htb:9200/V11***tdckoncern_dk
200        1l        1w        2c http://haystack.htb:9200/*424
200        1l        1w        2c http://haystack.htb:9200/*27_20them
200        1l        1w        2c http://haystack.htb:9200/**https%3A
200        1l        1w        2c http://haystack.htb:9200/V11***dr_dk
200        1l        1w        2c http://haystack.htb:9200/V11***gaffa_dk
200        1l        1w        2c http://haystack.htb:9200/V11***afterdawn_fi
200        1l        1w        2c http://haystack.htb:9200/**hisgen**
200        1l        1w        2c http://haystack.htb:9200/MooseTV*
200        1l        1w     4136c http://haystack.htb:9200/**
200        1l        1w        2c http://haystack.htb:9200/*-http%3a
200        1l        1w        2c http://haystack.htb:9200/**http%253A
200        1l        1w     4136c http://haystack.htb:9200/%2a
200        1l        1w        2c http://haystack.htb:9200/0SwAAAMEWDFg8YsQFLdGdWso9*LDKH69RwYRFVfWLY4!R4cshBFiF828rHevN*G079wmFnW5w4RT0cU5zPnZGHVzvRQ6ESOhcsPLje2upEXOxBrlHMYGylQ
200        1l        1w        2c http://haystack.htb:9200/**http%3A%2F%2Fad
200        1l        1w        2c http://haystack.htb:9200/**http%3A%2F%2Fnews
200        1l        1w        2c http://haystack.htb:9200/V11***idg_no
200        1l        1w     4136c http://haystack.htb:9200/*****
200        1l        1w        2c http://haystack.htb:9200/V13a****cnews_ru
200        1l        1w        2c http://haystack.htb:9200/dhamel*
200        1l        1w        2c http://haystack.htb:9200/V13a****yandex_ru
200        1l        1w        2c http://haystack.htb:9200/**https%3a
200        1l        1w        2c http://haystack.htb:9200/query%3D*
200        1l        1w        2c http://haystack.htb:9200/*https%3A
200        1l        1w        2c http://haystack.htb:9200/***Error***
200        1l        1w        2c http://haystack.htb:9200/xp-pro*
200        1l        1w        2c http://haystack.htb:9200/0RAARA*EU29pPv7U0BbgphVb*UH1!HdU1w0RM*UH*8Wnmma32kGbiGegIqscdKSr3qVU!bm*j78p7Cni!T3XhPLJhGlCU!CEdXDZwqcFFASg
200        1l        1w        2c http://haystack.htb:9200/*http%3a
200        1l        1w        2c http://haystack.htb:9200/*https%3a
200        1l        1w        2c http://haystack.htb:9200/V11***tch_ie
200        1l        1w        2c http://haystack.htb:9200/V11***dmi_dk
200        1l        1w        2c http://haystack.htb:9200/**http%3A%2F%2Fdeveloper
200        1l        1w        2c http://haystack.htb:9200/*cdbr
200        1l        1w     4136c http://haystack.htb:9200/_all
200        1l        1w        2c http://haystack.htb:9200/*-http%3A
200        1l        1w        2c http://haystack.htb:9200/*-http%253A
200        1l        1w        2c http://haystack.htb:9200/8*2
200        1l        1w        2c http://haystack.htb:9200/V11***idg_dk
200        1l        1w        2c http://haystack.htb:9200/stuntdubl*
200        1l        1w        2c http://haystack.htb:9200/V11***hesari_fi
200        1l        1w        2c http://haystack.htb:9200/V11***aftenposten_no
200        1l        1w    16676c http://haystack.htb:9200/_stats
200        9l       37w     1529c http://haystack.htb:9200/favicon.ico
