200      GET      385l     3179w    19935c http://office.paper/license.txt
200      GET       98l      845w     7447c http://office.paper/readme.html
500      GET        0l        0w        0c http://office.paper/wp-admin/admin-functions.php
403      GET        7l       20w      199c http://office.paper/wp-admin/css/
200      GET       15l       30w      395c http://office.paper/wp-admin/css/wp-admin.css
200      GET      311l      624w     4732c http://office.paper/wp-admin/css/login-rtl.css
200      GET        2l      365w    10283c http://office.paper/wp-admin/css/ie.min.css
200      GET        2l       90w     2760c http://office.paper/wp-admin/css/color-picker.min.css
200      GET       16l       36w      490c http://office.paper/wp-admin/css/wp-admin.min.css
200      GET      374l      751w     5912c http://office.paper/wp-admin/css/install-rtl.css
200      GET      374l      751w     5911c http://office.paper/wp-admin/css/install.css
200      GET        2l      632w    19391c http://office.paper/wp-admin/css/media-rtl.min.css
200      GET        2l      632w    19379c http://office.paper/wp-admin/css/media.min.css
200      GET        2l       90w     2763c http://office.paper/wp-admin/css/color-picker-rtl.min.css
200      GET       41l       72w      612c http://office.paper/wp-admin/css/farbtastic-rtl.css
200      GET      764l     1363w    11924c http://office.paper/wp-admin/css/ie.css
200      GET      764l     1363w    11931c http://office.paper/wp-admin/css/ie-rtl.css
200      GET      311l      624w     4728c http://office.paper/wp-admin/css/login.css
200      GET        1l        1w        0c http://office.paper/wp-admin/admin-footer.php
200      GET       41l       72w      611c http://office.paper/wp-admin/css/farbtastic.css
200      GET      174l      372w     3374c http://office.paper/wp-admin/css/color-picker-rtl.css
200      GET      174l      372w     3371c http://office.paper/wp-admin/css/color-picker.css
200      GET        2l      149w     4930c http://office.paper/wp-admin/css/install.min.css
200      GET        2l      365w    10290c http://office.paper/wp-admin/css/ie-rtl.min.css
200      GET       15l       30w      455c http://office.paper/wp-admin/css/wp-admin-rtl.css
200      GET       16l       36w      550c http://office.paper/wp-admin/css/wp-admin-rtl.min.css
200      GET      851l     1719w    16772c http://office.paper/wp-admin/css/widgets.css
500      GET        0l        0w        0c http://office.paper/wp-admin/admin-header.php
200      GET     2995l     6547w    69433c http://office.paper/wp-admin/css/customize-controls.css
200      GET        0l        0w        0c http://office.paper/wp-admin/custom-background.php
200      GET     1290l     2689w    24018c http://office.paper/wp-admin/css/media-rtl.css
200      GET     1282l     2688w    23694c http://office.paper/wp-admin/css/dashboard.css
200      GET        0l        0w        0c http://office.paper/wp-admin/custom-header.php
200      GET     1290l     2689w    24006c http://office.paper/wp-admin/css/media.css
200      GET     1282l     2688w    23690c http://office.paper/wp-admin/css/dashboard-rtl.css
200      GET     2995l     6547w    69478c http://office.paper/wp-admin/css/customize-controls-rtl.css
200      GET      851l     1719w    16770c http://office.paper/wp-admin/css/widgets-rtl.css
200      GET        2l     1377w    58230c http://office.paper/wp-admin/css/customize-controls.min.css
200      GET        2l     1377w    58275c http://office.paper/wp-admin/css/customize-controls-rtl.min.css
403      GET        7l       20w      199c http://office.paper/wp-admin/css/.html
200      GET        3l       12w      554c http://office.paper/wp-admin/images/align-left.png
200      GET        3l        5w      121c http://office.paper/wp-admin/images/align-none-2x.png
200      GET        4l       18w      546c http://office.paper/wp-admin/images/align-center.png
200      GET        5l       14w      509c http://office.paper/wp-admin/images/align-right.png
200      GET        4l        9w      417c http://office.paper/wp-admin/images/align-none.png
200      GET        3l        6w      143c http://office.paper/wp-admin/images/align-left-2x.png
200      GET        3l        9w      147c http://office.paper/wp-admin/images/align-center-2x.png
200      GET        5l       11w      243c http://office.paper/wp-admin/images/arrows.png
200      GET        2l        9w      424c http://office.paper/wp-admin/images/bubble_bg-2x.gif
200      GET        2l        7w      400c http://office.paper/wp-admin/images/date-button.gif
200      GET        8l       39w      996c http://office.paper/wp-admin/images/date-button-2x.gif
200      GET        2l        7w      398c http://office.paper/wp-admin/images/bubble_bg.gif
200      GET        4l        9w      258c http://office.paper/wp-admin/images/comment-grey-bubble-2x.png
200      GET        3l        7w      114c http://office.paper/wp-admin/images/comment-grey-bubble.png
200      GET       18l      135w     8023c http://office.paper/wp-admin/images/icons32.png
200      GET       32l      154w     8007c http://office.paper/wp-admin/images/icons32-vs.png
200      GET        4l       33w     1523c http://office.paper/wp-admin/images/list-2x.png
200      GET        1l        1w        0c http://office.paper/wp-admin/edit-form-advanced.php
200      GET       34l      206w     7664c http://office.paper/wp-admin/images/imgedit-icons-2x.png
200      GET       63l      442w    21770c http://office.paper/wp-admin/images/icons32-2x.png
200      GET        3l        9w      248c http://office.paper/wp-admin/images/media-button-other.gif
200      GET       16l       60w     2001c http://office.paper/wp-admin/images/mask.png
200      GET        6l       16w      850c http://office.paper/wp-admin/images/media-button-2x.png
200      GET        1l        5w      200c http://office.paper/wp-admin/images/media-button-image.gif
200      GET        1l        7w      206c http://office.paper/wp-admin/images/media-button-music.gif
200      GET        4l       10w      323c http://office.paper/wp-admin/images/media-button.png
200      GET        3l        7w      360c http://office.paper/wp-admin/images/marker.png
200      GET       94l      437w    21396c http://office.paper/wp-admin/images/icons32-vs-2x.png
200      GET       47l      381w    12672c http://office.paper/wp-admin/images/menu-2x.png
200      GET        1l        1w      151c http://office.paper/wp-admin/images/resize-2x.gif
200      GET       18l      129w     5039c http://office.paper/wp-admin/images/menu.png
200      GET        1l        2w       97c http://office.paper/wp-admin/images/sort-2x.gif
200      GET        1l        2w       55c http://office.paper/wp-admin/images/sort.gif
200      GET       37l      367w    12453c http://office.paper/wp-admin/images/menu-vs-2x.png
200      GET        7l       24w      755c http://office.paper/wp-admin/images/no.png
200      GET       21l      123w     5086c http://office.paper/wp-admin/images/menu-vs.png
200      GET       11l       90w     5142c http://office.paper/wp-admin/images/post-formats32.png
200      GET       21l      143w     5111c http://office.paper/wp-admin/images/post-formats32-vs.png
200      GET       11l       57w     2450c http://office.paper/wp-admin/images/post-formats-vs.png
200      GET        1l        5w       64c http://office.paper/wp-admin/images/resize.gif
200      GET        1l        5w      150c http://office.paper/wp-admin/images/resize-rtl-2x.gif
200      GET        1l        5w       70c http://office.paper/wp-admin/images/resize-rtl.gif
200      GET       32l      177w     6047c http://office.paper/wp-admin/images/wheel.png
200      GET       13l       78w     2480c http://office.paper/wp-admin/images/wordpress-logo.png
302      GET        1l        0w        0c http://office.paper/wp-admin/admin.php => http://office.paper/wp-login.php?redirect_to=http%3A%2F%2Foffice.paper%2Fwp-admin%2Fadmin.php&reauth=1
200      GET        1l        1w        0c http://office.paper/wp-admin/edit-tag-form.php
302      GET        1l        0w        0c http://office.paper/wp-admin/customize.php => http://office.paper/wp-login.php?redirect_to=http%3A%2F%2Foffice.paper%2Fwp-admin%2Fcustomize.php&reauth=1
200      GET       29l      142w     2052c http://office.paper/wp-admin/images/wpspin_light.gif
200      GET       77l      366w     8875c http://office.paper/wp-admin/images/wpspin_light-2x.gif
200      GET        1l        1w        0c http://office.paper/wp-admin/edit-form-comment.php
200      GET        3l        8w      181c http://office.paper/wp-admin/images/xit.gif
302      GET        1l        0w        0c http://office.paper/wp-admin/about.php => http://office.paper/wp-login.php?redirect_to=http%3A%2F%2Foffice.paper%2Fwp-admin%2Fabout.php&reauth=1
200      GET        5l       12w      539c http://office.paper/wp-admin/images/yes.png
403      GET        7l       20w      199c http://office.paper/wp-admin/includes/
500      GET        0l        0w        0c http://office.paper/wp-admin/includes/admin.php
500      GET        0l        0w        0c http://office.paper/wp-admin/includes/class-ftp-pure.php
200      GET        0l        0w        0c http://office.paper/wp-admin/includes/class-ftp.php
200      GET        0l        0w        0c http://office.paper/wp-admin/includes/class-pclzip.php
500      GET        0l        0w        0c http://office.paper/wp-admin/includes/class-ftp-sockets.php
302      GET        1l        0w        0c http://office.paper/wp-activate.php => http://office.paper/wp-login.php?action=register
500      GET        0l        0w        0c http://office.paper/wp-admin/includes/class-wp-filesystem-ssh2.php
500      GET        0l        0w        0c http://office.paper/wp-admin/includes/class-wp-filesystem-ftpsockets.php
500      GET        0l        0w        0c http://office.paper/wp-admin/includes/class-wp-filesystem-direct.php
200      GET        0l        0w        0c http://office.paper/wp-admin/includes/class-wp-importer.php
200      GET        0l        0w        0c http://office.paper/wp-admin/includes/class-wp-list-table.php
500      GET        0l        0w        0c http://office.paper/wp-admin/includes/class-wp-ms-users-list-table.php
500      GET        0l        0w        0c http://office.paper/wp-admin/includes/class-wp-media-list-table.php
500      GET        0l        0w        0c http://office.paper/wp-admin/includes/class-wp-plugins-list-table.php
500      GET        0l        0w        0c http://office.paper/wp-admin/includes/class-wp-ms-sites-list-table.php
500      GET        0l        0w        0c http://office.paper/wp-admin/includes/class-wp-themes-list-table.php
200      GET        0l        0w        0c http://office.paper/wp-admin/includes/comment.php
500      GET        0l        0w        0c http://office.paper/wp-admin/includes/class-wp-terms-list-table.php
500      GET        0l        0w        0c http://office.paper/wp-admin/includes/class-wp-users-list-table.php
200      GET        0l        0w        0c http://office.paper/wp-admin/includes/deprecated.php
500      GET        0l        0w        0c http://office.paper/wp-admin/includes/class-wp-upgrader.php
500      GET        0l        0w        0c http://office.paper/wp-admin/includes/class-wp-ms-themes-list-table.php
200      GET        0l        0w        0c http://office.paper/wp-admin/includes/dashboard.php
500      GET        0l        0w        0c http://office.paper/wp-admin/includes/continents-cities.php
200      GET        0l        0w        0c http://office.paper/wp-admin/includes/export.php
500      GET        0l        0w        0c http://office.paper/wp-admin/includes/file.php
200      GET        0l        0w        0c http://office.paper/wp-admin/includes/image.php
200      GET        0l        0w        0c http://office.paper/wp-admin/includes/media.php
200      GET        0l        0w        0c http://office.paper/wp-admin/includes/misc.php
200      GET        0l        0w        0c http://office.paper/wp-admin/includes/image-edit.php
200      GET        0l        0w        0c http://office.paper/wp-admin/includes/ms-deprecated.php
500      GET        0l        0w        0c http://office.paper/wp-admin/includes/menu.php
500      GET        0l        0w        0c http://office.paper/wp-admin/includes/nav-menu.php
200      GET        0l        0w        0c http://office.paper/wp-admin/includes/plugin.php
200      GET        0l        0w        0c http://office.paper/wp-admin/includes/revision.php
200      GET        0l        0w        0c http://office.paper/wp-admin/includes/post.php
200      GET        0l        0w        0c http://office.paper/wp-admin/includes/ms.php
200      GET        0l        0w        0c http://office.paper/wp-admin/includes/taxonomy.php
403      GET        7l       20w      199c http://office.paper/wp-admin/js/
200      GET        1l        4w      835c http://office.paper/wp-admin/js/accordion.min.js
200      GET       94l      376w     2953c http://office.paper/wp-admin/js/accordion.js
500      GET        0l        0w        0c http://office.paper/wp-admin/includes/template.php
200      GET      101l      353w     2795c http://office.paper/wp-admin/js/comment.js
200      GET      359l     1314w     9823c http://office.paper/wp-admin/js/color-picker.js
200      GET        1l       30w     3521c http://office.paper/wp-admin/js/color-picker.min.js
200      GET      145l      431w     3345c http://office.paper/wp-admin/js/custom-background.js
200      GET        1l       10w     1247c http://office.paper/wp-admin/js/comment.min.js
200      GET        1l        7w     1148c http://office.paper/wp-admin/js/custom-background.min.js
200      GET       88l      280w     2019c http://office.paper/wp-admin/js/custom-header.js
200      GET        1l       30w     3842c http://office.paper/wp-admin/js/gallery.min.js
200      GET        1l       15w     1646c http://office.paper/wp-admin/js/link.min.js
200      GET      294l     1064w     7701c http://office.paper/wp-admin/js/inline-edit-tax.js
301      GET        1l        0w        0c http://office.paper/index.php => http://office.paper/
200      GET        1l       14w     1867c http://office.paper/wp-admin/js/media.min.js
200      GET        1l       10w     1123c http://office.paper/wp-admin/js/media-upload.min.js
200      GET      222l     1007w     7017c http://office.paper/wp-admin/js/plugin-install.js
200      GET        1l        3w      537c http://office.paper/wp-admin/js/media-gallery.min.js
200      GET      113l      540w     3463c http://office.paper/wp-admin/js/media-upload.js
200      GET        1l      122w    15374c http://office.paper/wp-admin/js/common.min.js
200      GET      593l     2268w    18858c http://office.paper/wp-admin/js/dashboard.js
200      GET        1l       45w     6695c http://office.paper/wp-admin/js/dashboard.min.js
302      GET        1l        0w        0c http://office.paper/wp-admin/comment.php => http://office.paper/wp-login.php?redirect_to=http%3A%2F%2Foffice.paper%2Fwp-admin%2Fcomment.php&reauth=1
200      GET        1l       66w    10225c http://office.paper/wp-admin/js/image-edit.min.js
200      GET      241l      691w     5638c http://office.paper/wp-admin/js/gallery.js
200      GET        1l      115w    15235c http://office.paper/wp-admin/js/edit-comments.min.js
302      GET        1l        0w        0c http://office.paper/wp-admin/credits.php => http://office.paper/wp-login.php?redirect_to=http%3A%2F%2Foffice.paper%2Fwp-admin%2Fcredits.php&reauth=1
200      GET        1l      157w    21255c http://office.paper/wp-admin/js/nav-menu.min.js
302      GET        1l        0w        0c http://office.paper/wp-admin/ => http://office.paper/wp-login.php?redirect_to=http%3A%2F%2Foffice.paper%2Fwp-admin%2F&reauth=1
200      GET      445l     1536w    11765c http://office.paper/wp-admin/js/postbox.js
200      GET        1l       11w      679c http://office.paper/wp-admin/js/user-suggest.min.js
200      GET      462l     1358w    12252c http://office.paper/wp-admin/js/user-profile.js
302      GET        1l        0w        0c http://office.paper/wp-admin/edit.php => http://office.paper/wp-login.php?redirect_to=http%3A%2F%2Foffice.paper%2Fwp-admin%2Fedit.php&reauth=1
200      GET     1171l     3917w    33790c http://office.paper/wp-admin/js/revisions.js
200      GET       64l      335w     2317c http://office.paper/wp-admin/js/user-suggest.js
200      GET     1623l     5574w    42764c http://office.paper/wp-admin/js/common.js
200      GET        1l        0w        0c http://office.paper/wp-admin/admin-post.php
200      GET     1126l     4353w    29294c http://office.paper/wp-admin/js/image-edit.js
200      GET        0l        0w        0c http://office.paper/wp-admin/link-parse-opml.php
403      GET        7l       20w      199c http://office.paper/wp-admin/maint/
200      GET        0l        0w        0c http://office.paper/wp-admin/load-scripts.php
200      GET        1l       94w    17926c http://office.paper/wp-admin/js/revisions.min.js
200      GET        0l        0w        0c http://office.paper/wp-admin/load-styles.php
302      GET        1l        0w        0c http://office.paper/wp-admin/async-upload.php => http://office.paper/wp-login.php?redirect_to=http%3A%2F%2Foffice.paper%2Fwp-admin%2Fasync-upload.php&reauth=1
500      GET        0l        0w        0c http://office.paper/wp-admin/menu.php
500      GET        0l        0w        0c http://office.paper/wp-admin/menu-header.php
200      GET     1302l     4685w    42482c http://office.paper/wp-admin/js/nav-menu.js
200      GET      761l     2631w    22876c http://office.paper/wp-admin/js/widgets.js
200      GET      279l      889w     7710c http://office.paper/wp-admin/js/xfn.js
302      GET        1l        0w        0c http://office.paper/wp-admin/edit-tags.php => http://office.paper/wp-login.php?redirect_to=http%3A%2F%2Foffice.paper%2Fwp-admin%2Fedit-tags.php&reauth=1
302      GET        1l        0w        0c http://office.paper/wp-admin/edit-comments.php => http://office.paper/wp-login.php?redirect_to=http%3A%2F%2Foffice.paper%2Fwp-admin%2Fedit-comments.php&reauth=1
302      GET        1l        0w        0c http://office.paper/wp-admin/freedoms.php => http://office.paper/wp-login.php?redirect_to=http%3A%2F%2Foffice.paper%2Fwp-admin%2Ffreedoms.php&reauth=1
200      GET        1l        0w        0c http://office.paper/wp-admin/install-helper.php
302      GET        1l        0w        0c http://office.paper/wp-admin/index.php => http://office.paper/wp-login.php?redirect_to=http%3A%2F%2Foffice.paper%2Fwp-admin%2Findex.php&reauth=1
200      GET       19l      137w        0c http://office.paper/wp-admin/maint/repair.php
302      GET        1l        0w        0c http://office.paper/wp-admin/media.php => http://office.paper/wp-login.php?redirect_to=http%3A%2F%2Foffice.paper%2Fwp-admin%2Fmedia.php&reauth=1
302      GET        1l        0w        0c http://office.paper/wp-admin/moderation.php => http://office.paper/wp-admin/edit-comments.php?comment_status=moderated
302      GET        1l        0w        0c http://office.paper/wp-admin/export.php => http://office.paper/wp-login.php?redirect_to=http%3A%2F%2Foffice.paper%2Fwp-admin%2Fexport.php&reauth=1
302      GET        1l        0w        0c http://office.paper/wp-admin/ms-admin.php => http://office.paper/wp-login.php?redirect_to=http%3A%2F%2Foffice.paper%2Fwp-admin%2Fms-admin.php&reauth=1
302      GET        1l        0w        0c http://office.paper/wp-admin/media-new.php => http://office.paper/wp-login.php?redirect_to=http%3A%2F%2Foffice.paper%2Fwp-admin%2Fmedia-new.php&reauth=1
302      GET        1l        0w        0c http://office.paper/wp-admin/ms-themes.php => http://office.paper/wp-login.php?redirect_to=http%3A%2F%2Foffice.paper%2Fwp-admin%2Fms-themes.php&reauth=1
302      GET        1l        0w        0c http://office.paper/wp-admin/link.php => http://office.paper/wp-login.php?redirect_to=http%3A%2F%2Foffice.paper%2Fwp-admin%2Flink.php&reauth=1
302      GET        1l        0w        0c http://office.paper/wp-admin/link-add.php => http://office.paper/wp-login.php?redirect_to=http%3A%2F%2Foffice.paper%2Fwp-admin%2Flink-add.php&reauth=1
403      GET        7l       20w      199c http://office.paper/wp-includes/
302      GET        1l        0w        0c http://office.paper/wp-admin/ms-upgrade-network.php => http://office.paper/wp-login.php?redirect_to=http%3A%2F%2Foffice.paper%2Fwp-admin%2Fms-upgrade-network.php&reauth=1
405      GET        0l        0w        0c http://office.paper/wp-comments-post.php
200      GET        0l        0w        0c http://office.paper/wp-content/plugins/index.php
200      GET        2l       43w     1941c http://office.paper/wp-includes/css/wp-auth-check.min.css
200      GET        2l       85w     3234c http://office.paper/wp-includes/css/wp-pointer.min.css
200      GET      224l      472w     4022c http://office.paper/wp-includes/css/wp-pointer.css
403      GET        7l       20w      199c http://office.paper/wp-includes/css/
200      GET     2696l     5445w    49358c http://office.paper/wp-includes/css/media-views.css
200      GET      123l      251w     2508c http://office.paper/wp-includes/css/wp-auth-check.css
200      GET      410l     1040w     9867c http://office.paper/wp-includes/css/buttons.css
200      GET        2l      220w     6312c http://office.paper/wp-includes/css/buttons.min.css
200      GET     2696l     5445w    49356c http://office.paper/wp-includes/css/media-views-rtl.css
200      GET      349l      690w     5687c http://office.paper/wp-includes/css/jquery-ui-dialog.css
200      GET        2l      665w    21111c http://office.paper/wp-includes/css/admin-bar.min.css
200      GET       12l       61w     2467c http://office.paper/wp-includes/images/admin-bar-sprite.png
200      GET       29l       93w     1356c http://office.paper/wp-includes/ID3/license.txt
200      GET       27l      184w     1307c http://office.paper/wp-includes/ID3/license.commercial.txt
200      GET        2l      665w    21116c http://office.paper/wp-includes/css/admin-bar-rtl.min.css
200      GET        2l      707w    27203c http://office.paper/wp-includes/css/editor.min.css
200      GET     1162l     2873w    25857c http://office.paper/wp-includes/css/admin-bar.css
200      GET     1162l     2873w    25862c http://office.paper/wp-includes/css/admin-bar-rtl.css
200      GET     1885l     3603w    32907c http://office.paper/wp-includes/css/editor.css
200      GET       13l       73w     3999c http://office.paper/wp-includes/images/admin-bar-sprite-2x.png
403      GET        7l       20w      199c http://office.paper/wp-includes/images/
200      GET        9l     1242w    41304c http://office.paper/wp-includes/css/media-views-rtl.min.css
200      GET        6l       45w     2454c http://office.paper/wp-includes/images/crystal/archive.png
200      GET      604l     2809w    24652c http://office.paper/wp-includes/ID3/readme.txt
200      GET       18l      101w     4398c http://office.paper/wp-includes/css/jquery-ui-dialog.min.css
200      GET        7l       27w     2217c http://office.paper/wp-includes/images/crystal/interactive.png
200      GET        9l       16w      149c http://office.paper/wp-includes/images/crystal/license.txt
403      GET        7l       20w      199c http://office.paper/wp-includes/ID3/
200      GET        6l       37w     2408c http://office.paper/wp-includes/images/crystal/spreadsheet.png
200      GET        6l       18w      670c http://office.paper/wp-includes/images/crystal/text.png
403      GET        7l       20w      199c http://office.paper/wp-includes/images/crystal/
200      GET       12l       35w     1306c http://office.paper/wp-includes/images/rss-2x.png
200      GET        7l       31w      783c http://office.paper/wp-includes/images/icon-pointer-flag.png
200      GET        3l       10w      608c http://office.paper/wp-includes/images/rss.png
200      GET        1l        3w       84c http://office.paper/wp-includes/images/down_arrow-2x.gif
403      GET        7l       20w      199c http://office.paper/wp-includes/images/smilies/
200      GET        0l        0w        0c http://office.paper/wp-includes/admin-bar.php
200      GET        0l        0w        0c http://office.paper/wp-includes/cache.php
200      GET        0l        0w        0c http://office.paper/wp-includes/canonical.php
200      GET        0l        0w        0c http://office.paper/wp-includes/author-template.php
200      GET        0l        0w        0c http://office.paper/wp-includes/category.php
200      GET        0l        0w        0c http://office.paper/wp-includes/capabilities.php
200      GET        0l        0w        0c http://office.paper/wp-includes/atomlib.php
200      GET        0l        0w        0c http://office.paper/wp-includes/class-oembed.php
200      GET        0l        0w        0c http://office.paper/wp-includes/class-json.php
500      GET        0l        0w        0c http://office.paper/wp-includes/class-feed.php
500      GET        0l        0w        0c http://office.paper/wp-includes/class-http.php
500      GET        0l        0w        0c http://office.paper/wp-includes/class-IXR.php
200      GET        0l        0w        0c http://office.paper/wp-includes/class-pop3.php
500      GET        0l        0w        0c http://office.paper/wp-includes/class-snoopy.php
500      GET        0l        0w        0c http://office.paper/wp-includes/class-simplepie.php
200      GET        0l        0w        0c http://office.paper/wp-includes/class-phpass.php
200      GET        0l        0w        0c http://office.paper/wp-includes/class-smtp.php
200      GET        0l        0w        0c http://office.paper/wp-includes/class-phpmailer.php
500      GET        0l        0w        0c http://office.paper/wp-includes/class-wp-customize-setting.php
200      GET        0l        0w        0c http://office.paper/wp-includes/class.wp-dependencies.php
200      GET        0l        0w        0c http://office.paper/wp-includes/class-wp-embed.php
200      GET        0l        0w        0c http://office.paper/wp-includes/class-wp-admin-bar.php
200      GET        0l        0w        0c http://office.paper/wp-includes/class-wp-editor.php
200      GET        0l        0w        0c http://office.paper/wp-includes/class-wp-theme.php
500      GET        0l        0w        0c http://office.paper/wp-includes/class.wp-styles.php
200      GET        0l        0w        0c http://office.paper/wp-includes/default-constants.php
500      GET        0l        0w        0c http://office.paper/wp-includes/class-wp-image-editor-imagick.php
500      GET        0l        0w        0c http://office.paper/wp-includes/class.wp-scripts.php
500      GET        0l        0w        0c http://office.paper/wp-includes/functions.php
200      GET        0l        0w        0c http://office.paper/wp-includes/class-wp-error.php
500      GET        0l        0w        0c http://office.paper/wp-includes/class-wp-image-editor-gd.php
200      GET        0l        0w        0c http://office.paper/wp-includes/general-template.php
500      GET        0l        0w        0c http://office.paper/wp-includes/ID3/module.audio-video.flv.php
200      GET        0l        0w        0c http://office.paper/wp-includes/cron.php
500      GET        0l        0w        0c http://office.paper/wp-includes/ID3/module.audio-video.asf.php
200      GET        3l        5w       59c http://office.paper/wp-includes/images/down_arrow.gif
200      GET        8l       33w     2184c http://office.paper/wp-includes/images/crystal/audio.png
500      GET        0l        0w        0c http://office.paper/wp-includes/ID3/module.audio-video.matroska.php
200      GET        2l        6w      170c http://office.paper/wp-includes/images/smilies/icon_confused.gif
200      GET        0l        0w        0c http://office.paper/wp-includes/ID3/getid3.lib.php
500      GET        0l        0w        0c http://office.paper/wp-includes/ID3/module.audio.dts.php
500      GET        0l        0w        0c http://office.paper/wp-includes/ID3/module.audio-video.quicktime.php
500      GET        0l        0w        0c http://office.paper/wp-includes/ID3/module.audio.flac.php
200      GET        0l        0w        0c http://office.paper/wp-includes/formatting.php
500      GET        0l        0w        0c http://office.paper/wp-includes/ID3/module.audio.mp3.php
200      GET        0l        0w        0c http://office.paper/wp-includes/ID3/getid3.php
200      GET        0l        0w        0c http://office.paper/wp-includes/functions.wp-styles.php
500      GET        0l        0w        0c http://office.paper/wp-includes/ID3/module.audio.ac3.php
500      GET        0l        0w        0c http://office.paper/wp-includes/ID3/module.tag.apetag.php
500      GET        0l        0w        0c http://office.paper/wp-includes/ID3/module.tag.id3v1.php
500      GET        0l        0w        0c http://office.paper/wp-includes/ID3/module.tag.lyrics3.php
200      GET        0l        0w        0c http://office.paper/wp-includes/comment-template.php
500      GET        0l        0w        0c http://office.paper/wp-includes/ID3/module.tag.id3v2.php
200      GET        0l        0w        0c http://office.paper/wp-includes/comment.php
500      GET        0l        0w        0c http://office.paper/wp-includes/compat.php
500      GET        0l        0w        0c http://office.paper/wp-includes/class-wp-xmlrpc-server.php
500      GET        0l        0w        0c http://office.paper/wp-includes/ID3/module.audio-video.riff.php
200      GET        0l        0w        0c http://office.paper/wp-includes/class-wp-walker.php
200      GET        5l       22w     1604c http://office.paper/wp-includes/images/crystal/code.png
500      GET        0l        0w        0c http://office.paper/wp-includes/ID3/module.audio.ogg.php
200      GET        0l        0w        0c http://office.paper/wp-includes/http.php
403      GET        7l       20w      199c http://office.paper/wp-includes/.html
403      GET        7l       20w      199c http://office.paper/wp-includes/images/smilies/.html
403      GET        7l       20w      199c http://office.paper/wp-includes/images/crystal/.html
200      GET        3l        7w      172c http://office.paper/wp-includes/images/smilies/icon_cool.gif
403      GET        7l       20w      199c http://office.paper/wp-includes/js/crop/
403      GET        7l       20w      199c http://office.paper/wp-includes/js/
200      GET        1l        8w      277c http://office.paper/wp-includes/js/crop/marqueeHoriz.gif
200      GET        3l        8w      181c http://office.paper/wp-includes/images/xit.gif
200      GET        9l       30w     1373c http://office.paper/wp-includes/images/wlw/wp-comments.png
200      GET       15l       62w     2376c http://office.paper/wp-includes/images/wlw/wp-watermark.png
200      GET        2l        9w      348c http://office.paper/wp-includes/images/smilies/icon_mrgreen.gif
200      GET        7l       23w      664c http://office.paper/wp-includes/images/wlw/wp-icon.png
200      GET       24l      133w     7086c http://office.paper/wp-includes/images/wpicons.png
200      GET      857l     2912w    21338c http://office.paper/wp-includes/js/autosave.js
200      GET      391l     1363w    10076c http://office.paper/wp-includes/js/comment-reply.js
200      GET       36l       93w     3457c http://office.paper/wp-includes/js/jquery/jquery.schedule.js
403      GET        7l       20w      199c http://office.paper/wp-includes/js/jquery/ui/
200      GET       11l      123w     3785c http://office.paper/wp-includes/js/jquery/jquery.query.js
200      GET        1l       33w     2234c http://office.paper/wp-includes/js/comment-reply.min.js
200      GET      707l     2637w    29083c http://office.paper/wp-includes/js/colorpicker.js
200      GET       29l       45w     2124c http://office.paper/wp-includes/js/jcrop/jquery.Jcrop.min.css
200      GET       11l       53w     1819c http://office.paper/wp-includes/js/jquery/jquery.masonry.min.js
200      GET        1l       18w     3522c http://office.paper/wp-includes/js/customize-loader.min.js
200      GET        1l      145w    16675c http://office.paper/wp-includes/js/colorpicker.min.js
200      GET        1l       64w     6017c http://office.paper/wp-includes/js/heartbeat.min.js
200      GET      516l      845w    16485c http://office.paper/wp-includes/js/crop/cropper.js
200      GET        1l        5w      174c http://office.paper/wp-includes/images/smilies/icon_idea.gif
200      GET        2l        6w      247c http://office.paper/wp-includes/images/smilies/icon_question.gif
200      GET        3l        5w      236c http://office.paper/wp-includes/images/smilies/icon_exclaim.gif
200      GET        1l        4w      172c http://office.paper/wp-includes/images/smilies/icon_mad.gif
200      GET        2l       81w     9295c http://office.paper/wp-includes/js/jquery/jquery.color.min.js
200      GET        3l       13w      453c http://office.paper/wp-includes/images/crystal/default.png
200      GET        1l       59w     3133c http://office.paper/wp-includes/js/json2.min.js
200      GET        1l       39w     2993c http://office.paper/wp-includes/js/jquery/suggest.min.js
200      GET       29l      142w     2052c http://office.paper/wp-includes/images/wpspin.gif
200      GET        7l       26w      825c http://office.paper/wp-includes/images/xit-2x.gif
200      GET        1l       26w     2295c http://office.paper/wp-includes/js/jquery/jquery.table-hotkeys.min.js
200      GET      316l      723w     6991c http://office.paper/wp-includes/js/jquery/suggest.js
200      GET      881l     3119w    23163c http://office.paper/wp-includes/js/heartbeat.js
200      GET        2l      281w    10056c http://office.paper/wp-includes/js/jquery/jquery-migrate.min.js
200      GET     1520l     5247w    41023c http://office.paper/wp-includes/js/jquery/jquery.form.js
200      GET        4l       13w      331c http://office.paper/wp-includes/images/smilies/icon_lol.gif
200      GET      140l      387w     4439c http://office.paper/wp-includes/js/swfupload/swfupload.js
200      GET        1l       26w     1276c http://office.paper/wp-includes/js/swfupload/handlers.min.js
200      GET       32l      222w     1540c http://office.paper/wp-includes/js/swfupload/license.txt
403      GET        7l       20w      199c http://office.paper/wp-includes/images/.html
200      GET       54l      147w     1460c http://office.paper/wp-includes/js/swfupload/handlers.js
403      GET        7l       20w      199c http://office.paper/wp-includes/js/tinymce/plugins/directionality/
200      GET      339l     2968w    17987c http://office.paper/wp-includes/js/plupload/license.txt
200      GET        1l       29w     2613c http://office.paper/wp-includes/js/shortcode.min.js
403      GET        7l       20w      199c http://office.paper/wp-includes/js/jquery/ui/.html
200      GET      134l      515w     5612c http://office.paper/wp-includes/js/jquery/jquery.hotkeys.js
200      GET        1l      331w    22466c http://office.paper/wp-includes/js/backbone.min.js
403      GET        7l       20w      199c http://office.paper/wp-includes/js/tinymce/plugins/fullscreen/
200      GET      293l      509w     4877c http://office.paper/wp-includes/js/mediaelement/wp-mediaelement.css
200      GET        3l        6w       94c http://office.paper/wp-includes/js/thickbox/macFFBgHack.png
200      GET      122l      445w    15238c http://office.paper/wp-includes/js/thickbox/loadingAnimation.gif
200      GET     1661l     6153w    45427c http://office.paper/wp-includes/js/media-models.js
200      GET        1l       96w     9887c http://office.paper/wp-includes/js/imgareaselect/jquery.imgareaselect.min.js
200      GET     1232l     4393w    38132c http://office.paper/wp-includes/js/imgareaselect/jquery.imgareaselect.js
200      GET       22l      260w    15893c http://office.paper/wp-includes/js/jcrop/jquery.Jcrop.min.js
403      GET        7l       20w      199c http://office.paper/wp-includes/js/tinymce/plugins/wpeditimage/
403      GET        7l       20w      199c http://office.paper/wp-includes/js/tinymce/plugins/wpgallery/
403      GET        7l       20w      199c http://office.paper/wp-includes/js/tinymce/plugins/wplink/
403      GET        7l       20w      199c http://office.paper/wp-includes/js/tinymce/plugins/fullscreen/.html
200      GET      519l     1711w    15599c http://office.paper/wp-includes/js/tinymce/langs/wp-langs-en.js
200      GET        0l        0w    14931c http://office.paper/wp-includes/images/wpicons-2x.png
200      GET        0l        0w     8875c http://office.paper/wp-includes/images/wpspin-2x.gif
403      GET        7l       20w      199c http://office.paper/wp-includes/js/tinymce/plugins/
200      GET        0l        0w    16424c http://office.paper/wp-includes/js/jquery/jquery.form.min.js
403      GET        7l       20w      199c http://office.paper/wp-includes/js/tinymce/plugins/wpeditimage/.html
403      GET        7l       20w      199c http://office.paper/wp-includes/js/tinymce/plugins/wpview/
403      GET        7l       20w      199c http://office.paper/wp-includes/js/tinymce/themes/
200      GET        0l        0w    23515c http://office.paper/wp-includes/js/jquery/jquery-migrate.js
200      GET        0l        0w    96873c http://office.paper/wp-includes/js/jquery/jquery.js
200      GET      504l     4372w    26441c http://office.paper/wp-includes/js/tinymce/license.txt
200      GET      168l      424w     4160c http://office.paper/wp-includes/js/tinymce/utils/mctabs.js
403      GET        7l       20w      199c http://office.paper/wp-includes/js/tinymce/utils/
200      GET        1l        4w      569c http://office.paper/wp-includes/js/wp-list-revisions.min.js
200      GET        0l        0w    28933c http://office.paper/wp-includes/js/media-editor.js
200      GET        1l      116w    10551c http://office.paper/wp-includes/js/plupload/handlers.min.js
200      GET       28l      136w      970c http://office.paper/wp-includes/js/wp-list-revisions.js
200      GET      193l      503w     4969c http://office.paper/wp-includes/js/tw-sack.js
200      GET        1l       21w     3283c http://office.paper/wp-includes/js/tw-sack.min.js
200      GET        1l       35w     1860c http://office.paper/wp-includes/js/utils.min.js
200      GET        1l       29w     2070c http://office.paper/wp-includes/js/wp-ajax-response.min.js
403      GET        7l       20w      199c http://office.paper/wp-includes/js/tinymce/themes/.html
200      GET        0l        0w        0c http://office.paper/wp-includes/load.php
200      GET        1l       17w     1783c http://office.paper/wp-includes/js/wp-auth-check.min.js
200      GET        0l        0w        0c http://office.paper/wp-includes/link-template.php
200      GET        0l        0w        0c http://office.paper/wp-includes/kses.php
200      GET       72l      197w     2125c http://office.paper/wp-includes/js/tinymce/utils/editable_selects.js
200      GET      202l      797w     4657c http://office.paper/wp-includes/js/utils.js
200      GET       70l      431w     3201c http://office.paper/wp-includes/js/wp-ajax-response.js
200      GET      178l      580w     4373c http://office.paper/wp-includes/js/wp-auth-check.js
200      GET      130l      528w     3968c http://office.paper/wp-includes/js/wp-util.js
200      GET        0l        0w        0c http://office.paper/wp-includes/ms-default-constants.php
200      GET        1l       32w     3020c http://office.paper/wp-includes/js/wp-backbone.min.js
200      GET        0l        0w        0c http://office.paper/wp-includes/meta.php
500      GET        0l        0w        0c http://office.paper/wp-includes/locale.php
200      GET        0l        0w        0c http://office.paper/wp-includes/l10n.php
200      GET        0l        0w        0c http://office.paper/wp-includes/media-template.php
200      GET        0l        0w        0c http://office.paper/wp-includes/ms-deprecated.php
200      GET        0l        0w   102586c http://office.paper/wp-includes/js/media-views.min.js
200      GET        0l        0w   252243c http://office.paper/wp-includes/js/media-views.js
200      GET      423l     1416w    10309c http://office.paper/wp-includes/js/wp-pointer.js
200      GET        1l       37w     7413c http://office.paper/wp-includes/js/wp-lists.min.js
500      GET        0l        0w        0c http://office.paper/wp-includes/ms-default-filters.php
200      GET        0l        0w        0c http://office.paper/wp-includes/plugin.php
500      GET        0l        0w        0c http://office.paper/wp-includes/media.php
200      GET        0l        0w        0c http://office.paper/wp-includes/query.php
200      GET        0l        0w        0c http://office.paper/wp-includes/pomo/mo.php
200      GET        0l        0w        0c http://office.paper/wp-includes/SimplePie/Author.php
403      GET        7l       20w      199c http://office.paper/wp-includes/SimplePie/Cache/
500      GET        0l        0w        0c http://office.paper/wp-includes/SimplePie/Cache/DB.php
200      GET        0l        0w    10231c http://office.paper/wp-includes/js/swfobject.js
200      GET        0l        0w        0c http://office.paper/wp-includes/shortcodes.php
200      GET        0l        0w        0c http://office.paper/wp-includes/post-template.php
200      GET        0l        0w        0c http://office.paper/wp-includes/post.php
500      GET        0l        0w        0c http://office.paper/wp-includes/template-loader.php
403      GET        7l       20w      199c http://office.paper/wp-includes/Text/
200      GET        0l        0w        0c http://office.paper/wp-includes/taxonomy.php
200      GET        0l        0w        0c http://office.paper/wp-includes/Text/Diff/Engine/xdiff.php
403      GET        7l       20w      199c http://office.paper/wp-includes/SimplePie/Content/Type/
403      GET        7l       20w      199c http://office.paper/wp-includes/SimplePie/Content/
500      GET        0l        0w        0c http://office.paper/wp-includes/SimplePie/Cache/Memcache.php
500      GET        0l        0w        0c http://office.paper/wp-includes/SimplePie/Cache/File.php
200      GET        0l        0w        0c http://office.paper/wp-includes/SimplePie/Caption.php
500      GET        0l        0w        0c http://office.paper/wp-includes/SimplePie/Cache/MySQL.php
403      GET        7l       20w      199c http://office.paper/wp-includes/SimplePie/HTTP/
200      GET        0l        0w        0c http://office.paper/wp-includes/SimplePie/IRI.php
403      GET        7l       20w      199c http://office.paper/wp-includes/SimplePie/Parse/
200      GET        0l        0w        0c http://office.paper/wp-includes/SimplePie/Parse/Date.php
200      GET        0l        0w        0c http://office.paper/wp-includes/SimplePie/Net/IPv6.php
500      GET        0l        0w        0c http://office.paper/wp-includes/ms-settings.php
403      GET        7l       20w      199c http://office.paper/wp-includes/SimplePie/Decode/HTML/
200      GET        0l        0w        0c http://office.paper/wp-includes/SimplePie/Item.php
200      GET        0l        0w        0c http://office.paper/wp-includes/SimplePie/Misc.php
200      GET        0l        0w        0c http://office.paper/wp-includes/SimplePie/Exception.php
500      GET        0l        0w        0c http://office.paper/wp-includes/theme-compat/header.php
500      GET        0l        0w        0c http://office.paper/wp-includes/theme-compat/sidebar.php
200      GET        0l        0w        0c http://office.paper/wp-includes/theme.php
500      GET        0l        0w        0c http://office.paper/wp-includes/registration.php
500      GET        0l        0w        0c http://office.paper/wp-includes/update.php
200      GET        0l        0w        0c http://office.paper/wp-includes/post-thumbnail-template.php
500      GET        0l        0w        0c http://office.paper/wp-includes/rss.php
200      GET        0l        0w        0c http://office.paper/wp-includes/post-formats.php
200      GET        0l        0w        0c http://office.paper/wp-includes/pomo/translations.php
500      GET        0l        0w        0c http://office.paper/wp-includes/script-loader.php
200      GET        0l        0w        0c http://office.paper/wp-includes/SimplePie/Parser.php
200      GET        0l        0w        0c http://office.paper/wp-includes/SimplePie/XML/Declaration/Parser.php
200      GET        0l        0w        0c http://office.paper/wp-includes/template.php
403      GET        7l       20w      199c http://office.paper/wp-includes/Text/Diff/
200      GET        0l        0w        0c http://office.paper/wp-includes/Text/Diff/Engine/native.php
403      GET        7l       20w      199c http://office.paper/wp-includes/Text/Diff/Engine/
200      GET        0l        0w        0c http://office.paper/wp-includes/SimplePie/Sanitize.php
403      GET        7l       20w      199c http://office.paper/wp-includes/SimplePie/XML/
200      GET        0l        0w        0c http://office.paper/wp-includes/SimplePie/Source.php
200      GET        0l        0w        0c http://office.paper/wp-includes/pomo/entry.php
200      GET        0l        0w        0c http://office.paper/wp-includes/SimplePie/Cache.php
200      GET        0l        0w        0c http://office.paper/wp-includes/Text/Diff/Engine/string.php
500      GET        0l        0w        0c http://office.paper/wp-includes/theme-compat/comments.php
403      GET        7l       20w      199c http://office.paper/wp-includes/SimplePie/HTTP/.html
403      GET        7l       20w      199c http://office.paper/wp-includes/theme-compat/
200      GET      858l     3386w    25282c http://office.paper/wp-includes/js/wp-lists.js
200      GET        0l        0w        0c http://office.paper/wp-includes/SimplePie/Copyright.php
200      GET        0l        0w        0c http://office.paper/wp-includes/pomo/streams.php
200      GET      542l     1928w    15988c http://office.paper/wp-includes/js/tinymce/tiny_mce_popup.js
403      GET        7l       20w      199c http://office.paper/wp-includes/Text/Diff/Renderer/
200      GET        0l        0w        0c http://office.paper/wp-includes/Text/Diff/Renderer.php
200      GET        0l        0w        0c http://office.paper/wp-includes/Text/Diff/Renderer/inline.php
500      GET        0l        0w        0c http://office.paper/wp-includes/theme-compat/footer.php
403      GET        7l       20w      199c http://office.paper/wp-includes/Text/Diff/.html
403      GET        7l       20w      199c http://office.paper/wp-includes/theme-compat/.html
200      GET        2l     5402w        0c http://office.paper/wp-includes/js/tinymce/wp-tinymce.php
