# Nmap 7.92 scan initiated Wed Oct 13 07:34:03 2021 as: nmap -vvv -p 22,80 -sV -A -oN nmap/initialScan.log 10.129.235.199
Nmap scan report for 10.129.235.199
Host is up, received echo-reply ttl 63 (0.045s latency).
Scanned at 2021-10-13 07:34:04 CDT for 13s

PORT   STATE SERVICE REASON         VERSION
22/tcp open  ssh     syn-ack ttl 63 OpenSSH 7.4 (protocol 2.0)
| ssh-hostkey: 
|   2048 22:75:d7:a7:4f:81:a7:af:52:66:e5:27:44:b1:01:5b (RSA)
| ssh-rsa AAAAB3NzaC1yc2EAAAADAQABAAABAQDFgr+LYQ5zL9JWnZmjxP7FT1134sJla89HBT+qnqNvJQRHwO7IqPSa5tEWGZYtzQ2BehsEqb/PisrRHlTeatK0X8qrS3tuz+l1nOj3X/wdcgnFXBrhwpRB2spULt2YqRM49aEbm7bRf2pctxuvgeym/pwCghb6nSbdsaCIsoE+X7QwbG0j6ZfoNIJzQkTQY7O+n1tPP8mlwPOShZJP7+NWVf/kiHsgZqVx6xroCp/NYbQTvLWt6VF/V+iZ3tiT7E1JJxJqQ05wiqsnjnFaZPYP+ptTqorUKP4AenZnf9Wan7VrrzVNZGnFlczj/BsxXOYaRe4Q8VK4PwiDbcwliOBd
|   256 2d:63:28:fc:a2:99:c7:d4:35:b9:45:9a:4b:38:f9:c8 (ECDSA)
| ecdsa-sha2-nistp256 AAAAE2VjZHNhLXNoYTItbmlzdHAyNTYAAAAIbmlzdHAyNTYAAABBBAsf1XXvL55L6U7NrCo3XSBTr+zCnnQ+GorAMgUugr3ihPkA+4Tw2LmpBr1syz7Z6PkNyQw6NzC3KwSUy1BOGw8=
|   256 73:cd:a0:5b:84:10:7d:a7:1c:7c:61:1d:f5:54:cf:c4 (ED25519)
|_ssh-ed25519 AAAAC3NzaC1lZDI1NTE5AAAAILMrhnJBfdb0fWQsWVfynAxcQ8+SNlL38vl8VJaaqPTL
80/tcp open  http    syn-ack ttl 63 Apache httpd 2.4.6 ((CentOS) PHP/5.4.16)
|_http-server-header: Apache/2.4.6 (CentOS) PHP/5.4.16
| http-methods: 
|_  Supported Methods: GET HEAD POST OPTIONS
|_http-title: Site doesn't have a title (text/html; charset=UTF-8).
Warning: OSScan results may be unreliable because we could not find at least 1 open and 1 closed port
OS fingerprint not ideal because: Missing a closed TCP port so results incomplete
Aggressive OS guesses: Linux 2.6.32 (92%), Linux 3.10 - 4.11 (92%), Linux 3.2 - 4.9 (92%), Linux 5.1 (92%), Linux 3.18 (90%), Crestron XPanel control system (90%), Linux 3.16 (89%), ASUS RT-N56U WAP (Linux 3.4) (87%), Linux 3.1 (87%), Linux 3.2 (87%)
No exact OS matches for host (test conditions non-ideal).
TCP/IP fingerprint:
SCAN(V=7.92%E=4%D=10/13%OT=22%CT=%CU=%PV=Y%DS=2%DC=T%G=N%TM=6166D249%P=x86_64-apple-darwin20.4.0)
SEQ(SP=106%GCD=1%ISR=108%TI=Z%II=I%TS=A)
SEQ(SP=106%GCD=1%ISR=108%TI=Z%TS=A)
OPS(O1=M550ST11NW7%O2=M550ST11NW7%O3=M550NNT11NW7%O4=M550ST11NW7%O5=M550ST11NW7%O6=M550ST11)
WIN(W1=7120%W2=7120%W3=7120%W4=7120%W5=7120%W6=7120)
ECN(R=Y%DF=Y%TG=40%W=7210%O=M550NNSNW7%CC=Y%Q=)
T1(R=Y%DF=Y%TG=40%S=O%A=S+%F=AS%RD=0%Q=)
T2(R=N)
T3(R=N)
T4(R=Y%DF=Y%TG=40%W=0%S=A%A=Z%F=R%O=%RD=0%Q=)
U1(R=N)
IE(R=Y%DFI=N%TG=40%CD=S)

Uptime guess: 49.708 days (since Tue Aug 24 14:34:12 2021)
Network Distance: 2 hops
TCP Sequence Prediction: Difficulty=262 (Good luck!)
IP ID Sequence Generation: All zeros

TRACEROUTE (using port 22/tcp)
HOP RTT      ADDRESS
1   47.30 ms 10.10.14.1
2   47.34 ms 10.129.235.199

Read data files from: /usr/local/bin/../share/nmap
OS and Service detection performed. Please report any incorrect results at https://nmap.org/submit/ .
# Nmap done at Wed Oct 13 07:34:17 2021 -- 1 IP address (1 host up) scanned in 13.68 seconds
