403        9l       28w      276c http://blunder.htb/.hta
403        9l       28w      276c http://blunder.htb/.htpasswd
403        9l       28w      276c http://blunder.htb/.htaccess
200      170l      918w     7573c http://blunder.htb/0
301        0l        0w        0c http://blunder.htb/.git/logs/
200       28l       28w      563c http://blunder.htb/.gitignore
403        9l       28w      276c http://blunder.htb/.hta.php
403        9l       28w      276c http://blunder.htb/.htpasswd.php
403        9l       28w      276c http://blunder.htb/.htaccess.php
403        9l       28w      276c http://blunder.htb/.hta.html
403        9l       28w      276c http://blunder.htb/.hta.pdf
403        9l       28w      276c http://blunder.htb/.htpasswd.html
403        9l       28w      276c http://blunder.htb/.htaccess.html
403        9l       28w      276c http://blunder.htb/.htpasswd.pdf
403        9l       28w      276c http://blunder.htb/.hta.txt
403        9l       28w      276c http://blunder.htb/.htaccess.pdf
403        9l       28w      276c http://blunder.htb/.htpasswd.txt
403        9l       28w      276c http://blunder.htb/.htaccess.txt
200       21l      171w     1083c http://blunder.htb/LICENSE
200      105l      303w     3290c http://blunder.htb/about
301        0l        0w        0c http://blunder.htb/.git/logs/
200       28l       28w      563c http://blunder.htb/.gitignore
200      170l      918w     7573c http://blunder.htb/0
200       21l      171w     1083c http://blunder.htb/LICENSE
200      105l      303w     3290c http://blunder.htb/about
301        0l        0w        0c http://blunder.htb/admin
301        0l        0w        0c http://blunder.htb/cgi-bin/
200        1l        5w       30c http://blunder.htb/install.php
200        2l        4w       22c http://blunder.htb/robots.txt
200        4l       23w      118c http://blunder.htb/todo.txt
